mode: set
rest-api/design-pattern/delivery/controller/product/product.go:18.58,22.2 1 1
rest-api/design-pattern/delivery/controller/product/product.go:24.55,25.36 1 1
rest-api/design-pattern/delivery/controller/product/product.go:25.36,29.17 3 1
rest-api/design-pattern/delivery/controller/product/product.go:34.3,34.25 1 1
rest-api/design-pattern/delivery/controller/product/product.go:38.3,38.89 1 1
rest-api/design-pattern/delivery/controller/product/product.go:29.17,32.4 2 1
rest-api/design-pattern/delivery/controller/product/product.go:34.25,36.4 1 1
rest-api/design-pattern/delivery/controller/product/product.go:42.52,43.36 1 1
rest-api/design-pattern/delivery/controller/product/product.go:43.36,47.17 3 1
rest-api/design-pattern/delivery/controller/product/product.go:52.3,54.17 2 1
rest-api/design-pattern/delivery/controller/product/product.go:59.3,59.44 1 1
rest-api/design-pattern/delivery/controller/product/product.go:64.3,64.109 1 1
rest-api/design-pattern/delivery/controller/product/product.go:47.17,50.4 2 1
rest-api/design-pattern/delivery/controller/product/product.go:54.17,57.4 2 1
rest-api/design-pattern/delivery/controller/product/product.go:59.44,62.4 2 1
rest-api/design-pattern/delivery/controller/product/product.go:68.55,69.36 1 1
rest-api/design-pattern/delivery/controller/product/product.go:69.36,73.17 3 1
rest-api/design-pattern/delivery/controller/product/product.go:78.3,81.40 3 1
rest-api/design-pattern/delivery/controller/product/product.go:86.3,88.17 2 1
rest-api/design-pattern/delivery/controller/product/product.go:93.3,99.112 6 1
rest-api/design-pattern/delivery/controller/product/product.go:73.17,76.4 2 0
rest-api/design-pattern/delivery/controller/product/product.go:81.40,84.4 2 1
rest-api/design-pattern/delivery/controller/product/product.go:88.17,91.4 2 1
rest-api/design-pattern/delivery/controller/product/product.go:103.55,104.36 1 1
rest-api/design-pattern/delivery/controller/product/product.go:104.36,108.17 3 1
rest-api/design-pattern/delivery/controller/product/product.go:113.3,117.17 3 1
rest-api/design-pattern/delivery/controller/product/product.go:122.3,122.42 1 1
rest-api/design-pattern/delivery/controller/product/product.go:127.3,130.61 3 1
rest-api/design-pattern/delivery/controller/product/product.go:134.3,134.104 1 1
rest-api/design-pattern/delivery/controller/product/product.go:108.17,111.4 2 0
rest-api/design-pattern/delivery/controller/product/product.go:117.17,120.4 2 1
rest-api/design-pattern/delivery/controller/product/product.go:122.42,125.4 2 1
rest-api/design-pattern/delivery/controller/product/product.go:130.61,132.4 1 1
rest-api/design-pattern/delivery/controller/product/product.go:138.55,139.36 1 1
rest-api/design-pattern/delivery/controller/product/product.go:139.36,143.17 3 1
rest-api/design-pattern/delivery/controller/product/product.go:148.3,150.17 2 1
rest-api/design-pattern/delivery/controller/product/product.go:155.3,155.64 1 1
rest-api/design-pattern/delivery/controller/product/product.go:159.3,159.82 1 1
rest-api/design-pattern/delivery/controller/product/product.go:143.17,146.4 2 0
rest-api/design-pattern/delivery/controller/product/product.go:150.17,153.4 2 1
rest-api/design-pattern/delivery/controller/product/product.go:155.64,157.4 1 1
rest-api/design-pattern/delivery/controller/auth/auth.go:16.46,20.2 1 1
rest-api/design-pattern/delivery/controller/auth/auth.go:22.50,23.36 1 1
rest-api/design-pattern/delivery/controller/auth/auth.go:23.36,26.40 2 1
rest-api/design-pattern/delivery/controller/auth/auth.go:31.3,33.28 2 1
rest-api/design-pattern/delivery/controller/auth/auth.go:37.3,37.75 1 1
rest-api/design-pattern/delivery/controller/auth/auth.go:26.40,29.4 2 1
rest-api/design-pattern/delivery/controller/auth/auth.go:33.28,35.4 1 1
rest-api/design-pattern/delivery/controller/book/book.go:18.46,22.2 1 1
rest-api/design-pattern/delivery/controller/book/book.go:24.52,25.36 1 1
rest-api/design-pattern/delivery/controller/book/book.go:25.36,29.17 3 1
rest-api/design-pattern/delivery/controller/book/book.go:34.3,34.22 1 1
rest-api/design-pattern/delivery/controller/book/book.go:38.3,38.83 1 1
rest-api/design-pattern/delivery/controller/book/book.go:29.17,32.4 2 1
rest-api/design-pattern/delivery/controller/book/book.go:34.22,36.4 1 1
rest-api/design-pattern/delivery/controller/book/book.go:42.49,43.36 1 1
rest-api/design-pattern/delivery/controller/book/book.go:43.36,48.17 3 1
rest-api/design-pattern/delivery/controller/book/book.go:53.3,55.17 2 1
rest-api/design-pattern/delivery/controller/book/book.go:60.3,60.38 1 1
rest-api/design-pattern/delivery/controller/book/book.go:65.3,65.100 1 1
rest-api/design-pattern/delivery/controller/book/book.go:48.17,51.4 2 1
rest-api/design-pattern/delivery/controller/book/book.go:55.17,58.4 2 1
rest-api/design-pattern/delivery/controller/book/book.go:60.38,63.4 2 1
rest-api/design-pattern/delivery/controller/book/book.go:69.52,70.36 1 1
rest-api/design-pattern/delivery/controller/book/book.go:70.36,74.48 3 1
rest-api/design-pattern/delivery/controller/book/book.go:79.3,79.39 1 1
rest-api/design-pattern/delivery/controller/book/book.go:84.3,86.17 2 1
rest-api/design-pattern/delivery/controller/book/book.go:91.3,93.95 2 1
rest-api/design-pattern/delivery/controller/book/book.go:74.48,77.4 2 0
rest-api/design-pattern/delivery/controller/book/book.go:79.39,82.4 2 1
rest-api/design-pattern/delivery/controller/book/book.go:86.17,89.4 2 1
rest-api/design-pattern/delivery/controller/book/book.go:97.52,98.36 1 1
rest-api/design-pattern/delivery/controller/book/book.go:98.36,101.48 2 1
rest-api/design-pattern/delivery/controller/book/book.go:106.3,108.17 2 1
rest-api/design-pattern/delivery/controller/book/book.go:113.3,115.39 2 1
rest-api/design-pattern/delivery/controller/book/book.go:120.3,122.58 2 1
rest-api/design-pattern/delivery/controller/book/book.go:126.3,126.95 1 1
rest-api/design-pattern/delivery/controller/book/book.go:101.48,104.4 2 0
rest-api/design-pattern/delivery/controller/book/book.go:108.17,111.4 2 1
rest-api/design-pattern/delivery/controller/book/book.go:115.39,118.4 2 1
rest-api/design-pattern/delivery/controller/book/book.go:122.58,124.4 1 1
rest-api/design-pattern/delivery/controller/book/book.go:130.52,131.36 1 1
rest-api/design-pattern/delivery/controller/book/book.go:131.36,134.48 2 1
rest-api/design-pattern/delivery/controller/book/book.go:139.3,141.17 2 1
rest-api/design-pattern/delivery/controller/book/book.go:146.3,146.56 1 1
rest-api/design-pattern/delivery/controller/book/book.go:150.3,150.79 1 1
rest-api/design-pattern/delivery/controller/book/book.go:134.48,137.4 2 0
rest-api/design-pattern/delivery/controller/book/book.go:141.17,144.4 2 1
rest-api/design-pattern/delivery/controller/book/book.go:146.56,148.4 1 1
rest-api/design-pattern/delivery/controller/user/user.go:18.46,22.2 1 1
rest-api/design-pattern/delivery/controller/user/user.go:24.52,25.36 1 1
rest-api/design-pattern/delivery/controller/user/user.go:25.36,28.48 2 1
rest-api/design-pattern/delivery/controller/user/user.go:33.3,35.17 2 1
rest-api/design-pattern/delivery/controller/user/user.go:40.3,40.22 1 1
rest-api/design-pattern/delivery/controller/user/user.go:44.3,44.83 1 1
rest-api/design-pattern/delivery/controller/user/user.go:28.48,31.4 2 0
rest-api/design-pattern/delivery/controller/user/user.go:35.17,38.4 2 1
rest-api/design-pattern/delivery/controller/user/user.go:40.22,42.4 1 1
rest-api/design-pattern/delivery/controller/user/user.go:48.49,49.36 1 1
rest-api/design-pattern/delivery/controller/user/user.go:49.36,52.48 2 1
rest-api/design-pattern/delivery/controller/user/user.go:57.3,59.17 2 1
rest-api/design-pattern/delivery/controller/user/user.go:64.3,66.17 2 1
rest-api/design-pattern/delivery/controller/user/user.go:71.3,71.38 1 1
rest-api/design-pattern/delivery/controller/user/user.go:76.3,76.100 1 1
rest-api/design-pattern/delivery/controller/user/user.go:52.48,55.4 2 0
rest-api/design-pattern/delivery/controller/user/user.go:59.17,62.4 2 1
rest-api/design-pattern/delivery/controller/user/user.go:66.17,69.4 2 1
rest-api/design-pattern/delivery/controller/user/user.go:71.38,74.4 2 1
rest-api/design-pattern/delivery/controller/user/user.go:80.52,81.36 1 1
rest-api/design-pattern/delivery/controller/user/user.go:81.36,85.39 3 1
rest-api/design-pattern/delivery/controller/user/user.go:90.3,92.17 2 1
rest-api/design-pattern/delivery/controller/user/user.go:97.3,99.95 2 1
rest-api/design-pattern/delivery/controller/user/user.go:85.39,88.4 2 1
rest-api/design-pattern/delivery/controller/user/user.go:92.17,95.4 2 1
rest-api/design-pattern/delivery/controller/user/user.go:103.52,104.36 1 1
rest-api/design-pattern/delivery/controller/user/user.go:104.36,107.48 2 1
rest-api/design-pattern/delivery/controller/user/user.go:112.3,114.17 2 1
rest-api/design-pattern/delivery/controller/user/user.go:119.3,121.39 2 1
rest-api/design-pattern/delivery/controller/user/user.go:126.3,128.58 2 1
rest-api/design-pattern/delivery/controller/user/user.go:132.3,132.95 1 1
rest-api/design-pattern/delivery/controller/user/user.go:107.48,110.4 2 0
rest-api/design-pattern/delivery/controller/user/user.go:114.17,117.4 2 1
rest-api/design-pattern/delivery/controller/user/user.go:121.39,124.4 2 1
rest-api/design-pattern/delivery/controller/user/user.go:128.58,130.4 1 1
rest-api/design-pattern/delivery/controller/user/user.go:136.52,137.36 1 1
rest-api/design-pattern/delivery/controller/user/user.go:137.36,140.48 2 1
rest-api/design-pattern/delivery/controller/user/user.go:145.3,147.17 2 1
rest-api/design-pattern/delivery/controller/user/user.go:152.3,152.56 1 1
rest-api/design-pattern/delivery/controller/user/user.go:156.3,156.79 1 1
rest-api/design-pattern/delivery/controller/user/user.go:140.48,143.4 2 0
rest-api/design-pattern/delivery/controller/user/user.go:147.17,150.4 2 1
rest-api/design-pattern/delivery/controller/user/user.go:152.56,154.4 1 1
